<?xml version="1.0" encoding="UTF-8"?>
<!-- Generated by org.testng.reporters.JUnitXMLReporter -->
<testsuite ignored="0" hostname="USHYDANWRE1" failures="0" tests="6" name="chrome" time="2.238" errors="0" timestamp="2022-10-31T19:47:46 IST">
  <testcase classname="maven.DemoPageTest1" name="@BeforeMethod setup" time="1.163">
    <failure type="org.openqa.selenium.WebDriverException" message="unknown error: Failed to create Chrome process.
Build info: version: &amp;apos;3.141.59&amp;apos;, revision: &amp;apos;e82be7d358&amp;apos;, time: &amp;apos;2018-11-14T08:17:03&amp;apos;
System info: host: &amp;apos;USHYDANWRE1&amp;apos;, ip: &amp;apos;192.168.0.10&amp;apos;, os.name: &amp;apos;Windows 10&amp;apos;, os.arch: &amp;apos;amd64&amp;apos;, os.version: &amp;apos;10.0&amp;apos;, java.version: &amp;apos;16.0.2&amp;apos;
Driver info: driver.version: ChromeDriver
remote stacktrace: Backtrace:
	Ordinal0 [0x00801ED3+2236115]
	Ordinal0 [0x007992F1+1807089]
	Ordinal0 [0x006A66FD+812797]
	Ordinal0 [0x006C4459+935001]
	Ordinal0 [0x006C19C9+924105]
	Ordinal0 [0x006F806C+1146988]
	Ordinal0 [0x006F7A6A+1145450]
	Ordinal0 [0x006F18A6+1120422]
	Ordinal0 [0x006CA73D+960317]
	Ordinal0 [0x006CB71F+964383]
	GetHandleVerifier [0x00AAE7E2+2743074]
	GetHandleVerifier [0x00AA08D4+2685972]
	GetHandleVerifier [0x00892BAA+532202]
	GetHandleVerifier [0x00891990+527568]
	Ordinal0 [0x007A080C+1837068]
	Ordinal0 [0x007A4CD8+1854680]
	Ordinal0 [0x007A4DC5+1854917]
	Ordinal0 [0x007AED64+1895780]
	BaseThreadInitThunk [0x75A6FA29+25]
	RtlGetAppContainerNamedObjectPath [0x773C7B5E+286]
	RtlGetAppContainerNamedObjectPath [0x773C7B2E+238]
">
      <![CDATA[org.openqa.selenium.WebDriverException: unknown error: Failed to create Chrome process.
Build info: version: '3.141.59', revision: 'e82be7d358', time: '2018-11-14T08:17:03'
System info: host: 'USHYDANWRE1', ip: '192.168.0.10', os.name: 'Windows 10', os.arch: 'amd64', os.version: '10.0', java.version: '16.0.2'
Driver info: driver.version: ChromeDriver
remote stacktrace: Backtrace:
Ordinal0 [0x00801ED3+2236115]
Ordinal0 [0x007992F1+1807089]
Ordinal0 [0x006A66FD+812797]
Ordinal0 [0x006C4459+935001]
Ordinal0 [0x006C19C9+924105]
Ordinal0 [0x006F806C+1146988]
Ordinal0 [0x006F7A6A+1145450]
Ordinal0 [0x006F18A6+1120422]
Ordinal0 [0x006CA73D+960317]
Ordinal0 [0x006CB71F+964383]
GetHandleVerifier [0x00AAE7E2+2743074]
GetHandleVerifier [0x00AA08D4+2685972]
GetHandleVerifier [0x00892BAA+532202]
GetHandleVerifier [0x00891990+527568]
Ordinal0 [0x007A080C+1837068]
Ordinal0 [0x007A4CD8+1854680]
Ordinal0 [0x007A4DC5+1854917]
Ordinal0 [0x007AED64+1895780]
BaseThreadInitThunk [0x75A6FA29+25]
RtlGetAppContainerNamedObjectPath [0x773C7B5E+286]
RtlGetAppContainerNamedObjectPath [0x773C7B2E+238]

at org.openqa.selenium.remote.W3CHandshakeResponse.lambda$errorHandler$0(W3CHandshakeResponse.java:62)
at org.openqa.selenium.remote.HandshakeResponse.lambda$getResponseFunction$0(HandshakeResponse.java:30)
at org.openqa.selenium.remote.ProtocolHandshake.lambda$createSession$0(ProtocolHandshake.java:126)
at java.base/java.util.stream.ReferencePipeline$3$1.accept(ReferencePipeline.java:197)
at java.base/java.util.Spliterators$ArraySpliterator.tryAdvance(Spliterators.java:958)
at java.base/java.util.stream.ReferencePipeline.forEachWithCancel(ReferencePipeline.java:129)
at java.base/java.util.stream.AbstractPipeline.copyIntoWithCancel(AbstractPipeline.java:502)
at java.base/java.util.stream.AbstractPipeline.copyInto(AbstractPipeline.java:488)
at java.base/java.util.stream.AbstractPipeline.wrapAndCopyInto(AbstractPipeline.java:474)
at java.base/java.util.stream.FindOps$FindOp.evaluateSequential(FindOps.java:150)
at java.base/java.util.stream.AbstractPipeline.evaluate(AbstractPipeline.java:234)
at java.base/java.util.stream.ReferencePipeline.findFirst(ReferencePipeline.java:647)
at org.openqa.selenium.remote.ProtocolHandshake.createSession(ProtocolHandshake.java:128)
at org.openqa.selenium.remote.ProtocolHandshake.createSession(ProtocolHandshake.java:74)
at org.openqa.selenium.remote.HttpCommandExecutor.execute(HttpCommandExecutor.java:136)
at org.openqa.selenium.remote.service.DriverCommandExecutor.execute(DriverCommandExecutor.java:83)
at org.openqa.selenium.remote.RemoteWebDriver.execute(RemoteWebDriver.java:552)
at org.openqa.selenium.remote.RemoteWebDriver.startSession(RemoteWebDriver.java:213)
at org.openqa.selenium.remote.RemoteWebDriver.<init>(RemoteWebDriver.java:131)
at org.openqa.selenium.chrome.ChromeDriver.<init>(ChromeDriver.java:181)
at org.openqa.selenium.chrome.ChromeDriver.<init>(ChromeDriver.java:168)
at org.openqa.selenium.chrome.ChromeDriver.<init>(ChromeDriver.java:157)
at maven.BaseClass.lauchBrowser(BaseClass.java:61)
at maven.DemoPageTest1.setup(DemoPageTest1.java:35)
at java.base/java.util.concurrent.ThreadPoolExecutor.runWorker(ThreadPoolExecutor.java:1130)
at java.base/java.util.concurrent.ThreadPoolExecutor$Worker.run(ThreadPoolExecutor.java:630)
at java.base/java.lang.Thread.run(Thread.java:831)
... Removed 21 stack frames]]>
    </failure>
  </testcase> <!-- @BeforeMethod setup -->
  <testcase classname="maven.DemoPageTest" name="@BeforeMethod setup" time="1.163">
    <failure type="org.openqa.selenium.WebDriverException" message="unknown error: Failed to create Chrome process.
Build info: version: &amp;apos;3.141.59&amp;apos;, revision: &amp;apos;e82be7d358&amp;apos;, time: &amp;apos;2018-11-14T08:17:03&amp;apos;
System info: host: &amp;apos;USHYDANWRE1&amp;apos;, ip: &amp;apos;192.168.0.10&amp;apos;, os.name: &amp;apos;Windows 10&amp;apos;, os.arch: &amp;apos;amd64&amp;apos;, os.version: &amp;apos;10.0&amp;apos;, java.version: &amp;apos;16.0.2&amp;apos;
Driver info: driver.version: ChromeDriver
remote stacktrace: Backtrace:
	Ordinal0 [0x00801ED3+2236115]
	Ordinal0 [0x007992F1+1807089]
	Ordinal0 [0x006A66FD+812797]
	Ordinal0 [0x006C4459+935001]
	Ordinal0 [0x006C19C9+924105]
	Ordinal0 [0x006F806C+1146988]
	Ordinal0 [0x006F7A6A+1145450]
	Ordinal0 [0x006F18A6+1120422]
	Ordinal0 [0x006CA73D+960317]
	Ordinal0 [0x006CB71F+964383]
	GetHandleVerifier [0x00AAE7E2+2743074]
	GetHandleVerifier [0x00AA08D4+2685972]
	GetHandleVerifier [0x00892BAA+532202]
	GetHandleVerifier [0x00891990+527568]
	Ordinal0 [0x007A080C+1837068]
	Ordinal0 [0x007A4CD8+1854680]
	Ordinal0 [0x007A4DC5+1854917]
	Ordinal0 [0x007AED64+1895780]
	BaseThreadInitThunk [0x75A6FA29+25]
	RtlGetAppContainerNamedObjectPath [0x773C7B5E+286]
	RtlGetAppContainerNamedObjectPath [0x773C7B2E+238]
">
      <![CDATA[org.openqa.selenium.WebDriverException: unknown error: Failed to create Chrome process.
Build info: version: '3.141.59', revision: 'e82be7d358', time: '2018-11-14T08:17:03'
System info: host: 'USHYDANWRE1', ip: '192.168.0.10', os.name: 'Windows 10', os.arch: 'amd64', os.version: '10.0', java.version: '16.0.2'
Driver info: driver.version: ChromeDriver
remote stacktrace: Backtrace:
Ordinal0 [0x00801ED3+2236115]
Ordinal0 [0x007992F1+1807089]
Ordinal0 [0x006A66FD+812797]
Ordinal0 [0x006C4459+935001]
Ordinal0 [0x006C19C9+924105]
Ordinal0 [0x006F806C+1146988]
Ordinal0 [0x006F7A6A+1145450]
Ordinal0 [0x006F18A6+1120422]
Ordinal0 [0x006CA73D+960317]
Ordinal0 [0x006CB71F+964383]
GetHandleVerifier [0x00AAE7E2+2743074]
GetHandleVerifier [0x00AA08D4+2685972]
GetHandleVerifier [0x00892BAA+532202]
GetHandleVerifier [0x00891990+527568]
Ordinal0 [0x007A080C+1837068]
Ordinal0 [0x007A4CD8+1854680]
Ordinal0 [0x007A4DC5+1854917]
Ordinal0 [0x007AED64+1895780]
BaseThreadInitThunk [0x75A6FA29+25]
RtlGetAppContainerNamedObjectPath [0x773C7B5E+286]
RtlGetAppContainerNamedObjectPath [0x773C7B2E+238]

at org.openqa.selenium.remote.W3CHandshakeResponse.lambda$errorHandler$0(W3CHandshakeResponse.java:62)
at org.openqa.selenium.remote.HandshakeResponse.lambda$getResponseFunction$0(HandshakeResponse.java:30)
at org.openqa.selenium.remote.ProtocolHandshake.lambda$createSession$0(ProtocolHandshake.java:126)
at java.base/java.util.stream.ReferencePipeline$3$1.accept(ReferencePipeline.java:197)
at java.base/java.util.Spliterators$ArraySpliterator.tryAdvance(Spliterators.java:958)
at java.base/java.util.stream.ReferencePipeline.forEachWithCancel(ReferencePipeline.java:129)
at java.base/java.util.stream.AbstractPipeline.copyIntoWithCancel(AbstractPipeline.java:502)
at java.base/java.util.stream.AbstractPipeline.copyInto(AbstractPipeline.java:488)
at java.base/java.util.stream.AbstractPipeline.wrapAndCopyInto(AbstractPipeline.java:474)
at java.base/java.util.stream.FindOps$FindOp.evaluateSequential(FindOps.java:150)
at java.base/java.util.stream.AbstractPipeline.evaluate(AbstractPipeline.java:234)
at java.base/java.util.stream.ReferencePipeline.findFirst(ReferencePipeline.java:647)
at org.openqa.selenium.remote.ProtocolHandshake.createSession(ProtocolHandshake.java:128)
at org.openqa.selenium.remote.ProtocolHandshake.createSession(ProtocolHandshake.java:74)
at org.openqa.selenium.remote.HttpCommandExecutor.execute(HttpCommandExecutor.java:136)
at org.openqa.selenium.remote.service.DriverCommandExecutor.execute(DriverCommandExecutor.java:83)
at org.openqa.selenium.remote.RemoteWebDriver.execute(RemoteWebDriver.java:552)
at org.openqa.selenium.remote.RemoteWebDriver.startSession(RemoteWebDriver.java:213)
at org.openqa.selenium.remote.RemoteWebDriver.<init>(RemoteWebDriver.java:131)
at org.openqa.selenium.chrome.ChromeDriver.<init>(ChromeDriver.java:181)
at org.openqa.selenium.chrome.ChromeDriver.<init>(ChromeDriver.java:168)
at org.openqa.selenium.chrome.ChromeDriver.<init>(ChromeDriver.java:157)
at maven.BaseClass.lauchBrowser(BaseClass.java:61)
at maven.DemoPageTest.setup(DemoPageTest.java:39)
at java.base/java.util.concurrent.ThreadPoolExecutor.runWorker(ThreadPoolExecutor.java:1130)
at java.base/java.util.concurrent.ThreadPoolExecutor$Worker.run(ThreadPoolExecutor.java:630)
at java.base/java.lang.Thread.run(Thread.java:831)
... Removed 21 stack frames]]>
    </failure>
  </testcase> <!-- @BeforeMethod setup -->
  <testcase classname="maven.DemoPageTest1" name="@AfterMethod tearDown" time="0.001">
    <failure type="java.lang.NullPointerException" message="Cannot invoke &amp;quot;org.openqa.selenium.WebDriver.quit()&amp;quot; because &amp;quot;this.driver&amp;quot; is null">
      <![CDATA[java.lang.NullPointerException: Cannot invoke "org.openqa.selenium.WebDriver.quit()" because "this.driver" is null
at maven.DemoPageTest1.tearDown(DemoPageTest1.java:116)
at java.base/java.util.concurrent.ThreadPoolExecutor.runWorker(ThreadPoolExecutor.java:1130)
at java.base/java.util.concurrent.ThreadPoolExecutor$Worker.run(ThreadPoolExecutor.java:630)
at java.base/java.lang.Thread.run(Thread.java:831)
... Removed 17 stack frames]]>
    </failure>
  </testcase> <!-- @AfterMethod tearDown -->
  <testcase classname="maven.DemoPageTest" name="@AfterMethod tearDown" time="0.0">
    <failure type="java.lang.NullPointerException" message="Cannot invoke &amp;quot;org.openqa.selenium.WebDriver.quit()&amp;quot; because &amp;quot;this.driver&amp;quot; is null">
      <![CDATA[java.lang.NullPointerException: Cannot invoke "org.openqa.selenium.WebDriver.quit()" because "this.driver" is null
at maven.DemoPageTest.tearDown(DemoPageTest.java:123)
at java.base/java.util.concurrent.ThreadPoolExecutor.runWorker(ThreadPoolExecutor.java:1130)
at java.base/java.util.concurrent.ThreadPoolExecutor$Worker.run(ThreadPoolExecutor.java:630)
at java.base/java.lang.Thread.run(Thread.java:831)
... Removed 17 stack frames]]>
    </failure>
  </testcase> <!-- @AfterMethod tearDown -->
  <testcase classname="maven.DemoPageTest1" name="@BeforeMethod setup" time="0.511">
    <failure type="org.openqa.selenium.WebDriverException" message="unknown error: Failed to create Chrome process.
Build info: version: &amp;apos;3.141.59&amp;apos;, revision: &amp;apos;e82be7d358&amp;apos;, time: &amp;apos;2018-11-14T08:17:03&amp;apos;
System info: host: &amp;apos;USHYDANWRE1&amp;apos;, ip: &amp;apos;192.168.0.10&amp;apos;, os.name: &amp;apos;Windows 10&amp;apos;, os.arch: &amp;apos;amd64&amp;apos;, os.version: &amp;apos;10.0&amp;apos;, java.version: &amp;apos;16.0.2&amp;apos;
Driver info: driver.version: ChromeDriver
remote stacktrace: Backtrace:
	Ordinal0 [0x00801ED3+2236115]
	Ordinal0 [0x007992F1+1807089]
	Ordinal0 [0x006A66FD+812797]
	Ordinal0 [0x006C4459+935001]
	Ordinal0 [0x006C19C9+924105]
	Ordinal0 [0x006F806C+1146988]
	Ordinal0 [0x006F7A6A+1145450]
	Ordinal0 [0x006F18A6+1120422]
	Ordinal0 [0x006CA73D+960317]
	Ordinal0 [0x006CB71F+964383]
	GetHandleVerifier [0x00AAE7E2+2743074]
	GetHandleVerifier [0x00AA08D4+2685972]
	GetHandleVerifier [0x00892BAA+532202]
	GetHandleVerifier [0x00891990+527568]
	Ordinal0 [0x007A080C+1837068]
	Ordinal0 [0x007A4CD8+1854680]
	Ordinal0 [0x007A4DC5+1854917]
	Ordinal0 [0x007AED64+1895780]
	BaseThreadInitThunk [0x75A6FA29+25]
	RtlGetAppContainerNamedObjectPath [0x773C7B5E+286]
	RtlGetAppContainerNamedObjectPath [0x773C7B2E+238]
">
      <![CDATA[org.openqa.selenium.WebDriverException: unknown error: Failed to create Chrome process.
Build info: version: '3.141.59', revision: 'e82be7d358', time: '2018-11-14T08:17:03'
System info: host: 'USHYDANWRE1', ip: '192.168.0.10', os.name: 'Windows 10', os.arch: 'amd64', os.version: '10.0', java.version: '16.0.2'
Driver info: driver.version: ChromeDriver
remote stacktrace: Backtrace:
Ordinal0 [0x00801ED3+2236115]
Ordinal0 [0x007992F1+1807089]
Ordinal0 [0x006A66FD+812797]
Ordinal0 [0x006C4459+935001]
Ordinal0 [0x006C19C9+924105]
Ordinal0 [0x006F806C+1146988]
Ordinal0 [0x006F7A6A+1145450]
Ordinal0 [0x006F18A6+1120422]
Ordinal0 [0x006CA73D+960317]
Ordinal0 [0x006CB71F+964383]
GetHandleVerifier [0x00AAE7E2+2743074]
GetHandleVerifier [0x00AA08D4+2685972]
GetHandleVerifier [0x00892BAA+532202]
GetHandleVerifier [0x00891990+527568]
Ordinal0 [0x007A080C+1837068]
Ordinal0 [0x007A4CD8+1854680]
Ordinal0 [0x007A4DC5+1854917]
Ordinal0 [0x007AED64+1895780]
BaseThreadInitThunk [0x75A6FA29+25]
RtlGetAppContainerNamedObjectPath [0x773C7B5E+286]
RtlGetAppContainerNamedObjectPath [0x773C7B2E+238]

at org.openqa.selenium.remote.W3CHandshakeResponse.lambda$errorHandler$0(W3CHandshakeResponse.java:62)
at org.openqa.selenium.remote.HandshakeResponse.lambda$getResponseFunction$0(HandshakeResponse.java:30)
at org.openqa.selenium.remote.ProtocolHandshake.lambda$createSession$0(ProtocolHandshake.java:126)
at java.base/java.util.stream.ReferencePipeline$3$1.accept(ReferencePipeline.java:197)
at java.base/java.util.Spliterators$ArraySpliterator.tryAdvance(Spliterators.java:958)
at java.base/java.util.stream.ReferencePipeline.forEachWithCancel(ReferencePipeline.java:129)
at java.base/java.util.stream.AbstractPipeline.copyIntoWithCancel(AbstractPipeline.java:502)
at java.base/java.util.stream.AbstractPipeline.copyInto(AbstractPipeline.java:488)
at java.base/java.util.stream.AbstractPipeline.wrapAndCopyInto(AbstractPipeline.java:474)
at java.base/java.util.stream.FindOps$FindOp.evaluateSequential(FindOps.java:150)
at java.base/java.util.stream.AbstractPipeline.evaluate(AbstractPipeline.java:234)
at java.base/java.util.stream.ReferencePipeline.findFirst(ReferencePipeline.java:647)
at org.openqa.selenium.remote.ProtocolHandshake.createSession(ProtocolHandshake.java:128)
at org.openqa.selenium.remote.ProtocolHandshake.createSession(ProtocolHandshake.java:74)
at org.openqa.selenium.remote.HttpCommandExecutor.execute(HttpCommandExecutor.java:136)
at org.openqa.selenium.remote.service.DriverCommandExecutor.execute(DriverCommandExecutor.java:83)
at org.openqa.selenium.remote.RemoteWebDriver.execute(RemoteWebDriver.java:552)
at org.openqa.selenium.remote.RemoteWebDriver.startSession(RemoteWebDriver.java:213)
at org.openqa.selenium.remote.RemoteWebDriver.<init>(RemoteWebDriver.java:131)
at org.openqa.selenium.chrome.ChromeDriver.<init>(ChromeDriver.java:181)
at org.openqa.selenium.chrome.ChromeDriver.<init>(ChromeDriver.java:168)
at org.openqa.selenium.chrome.ChromeDriver.<init>(ChromeDriver.java:157)
at maven.BaseClass.lauchBrowser(BaseClass.java:61)
at maven.DemoPageTest1.setup(DemoPageTest1.java:35)
at java.base/java.util.concurrent.ThreadPoolExecutor.runWorker(ThreadPoolExecutor.java:1130)
at java.base/java.util.concurrent.ThreadPoolExecutor$Worker.run(ThreadPoolExecutor.java:630)
at java.base/java.lang.Thread.run(Thread.java:831)
... Removed 21 stack frames]]>
    </failure>
  </testcase> <!-- @BeforeMethod setup -->
  <testcase classname="maven.DemoPageTest" name="@BeforeMethod setup" time="0.513">
    <failure type="org.openqa.selenium.WebDriverException" message="unknown error: Failed to create Chrome process.
Build info: version: &amp;apos;3.141.59&amp;apos;, revision: &amp;apos;e82be7d358&amp;apos;, time: &amp;apos;2018-11-14T08:17:03&amp;apos;
System info: host: &amp;apos;USHYDANWRE1&amp;apos;, ip: &amp;apos;192.168.0.10&amp;apos;, os.name: &amp;apos;Windows 10&amp;apos;, os.arch: &amp;apos;amd64&amp;apos;, os.version: &amp;apos;10.0&amp;apos;, java.version: &amp;apos;16.0.2&amp;apos;
Driver info: driver.version: ChromeDriver
remote stacktrace: Backtrace:
	Ordinal0 [0x00801ED3+2236115]
	Ordinal0 [0x007992F1+1807089]
	Ordinal0 [0x006A66FD+812797]
	Ordinal0 [0x006C4459+935001]
	Ordinal0 [0x006C19C9+924105]
	Ordinal0 [0x006F806C+1146988]
	Ordinal0 [0x006F7A6A+1145450]
	Ordinal0 [0x006F18A6+1120422]
	Ordinal0 [0x006CA73D+960317]
	Ordinal0 [0x006CB71F+964383]
	GetHandleVerifier [0x00AAE7E2+2743074]
	GetHandleVerifier [0x00AA08D4+2685972]
	GetHandleVerifier [0x00892BAA+532202]
	GetHandleVerifier [0x00891990+527568]
	Ordinal0 [0x007A080C+1837068]
	Ordinal0 [0x007A4CD8+1854680]
	Ordinal0 [0x007A4DC5+1854917]
	Ordinal0 [0x007AED64+1895780]
	BaseThreadInitThunk [0x75A6FA29+25]
	RtlGetAppContainerNamedObjectPath [0x773C7B5E+286]
	RtlGetAppContainerNamedObjectPath [0x773C7B2E+238]
">
      <![CDATA[org.openqa.selenium.WebDriverException: unknown error: Failed to create Chrome process.
Build info: version: '3.141.59', revision: 'e82be7d358', time: '2018-11-14T08:17:03'
System info: host: 'USHYDANWRE1', ip: '192.168.0.10', os.name: 'Windows 10', os.arch: 'amd64', os.version: '10.0', java.version: '16.0.2'
Driver info: driver.version: ChromeDriver
remote stacktrace: Backtrace:
Ordinal0 [0x00801ED3+2236115]
Ordinal0 [0x007992F1+1807089]
Ordinal0 [0x006A66FD+812797]
Ordinal0 [0x006C4459+935001]
Ordinal0 [0x006C19C9+924105]
Ordinal0 [0x006F806C+1146988]
Ordinal0 [0x006F7A6A+1145450]
Ordinal0 [0x006F18A6+1120422]
Ordinal0 [0x006CA73D+960317]
Ordinal0 [0x006CB71F+964383]
GetHandleVerifier [0x00AAE7E2+2743074]
GetHandleVerifier [0x00AA08D4+2685972]
GetHandleVerifier [0x00892BAA+532202]
GetHandleVerifier [0x00891990+527568]
Ordinal0 [0x007A080C+1837068]
Ordinal0 [0x007A4CD8+1854680]
Ordinal0 [0x007A4DC5+1854917]
Ordinal0 [0x007AED64+1895780]
BaseThreadInitThunk [0x75A6FA29+25]
RtlGetAppContainerNamedObjectPath [0x773C7B5E+286]
RtlGetAppContainerNamedObjectPath [0x773C7B2E+238]

at org.openqa.selenium.remote.W3CHandshakeResponse.lambda$errorHandler$0(W3CHandshakeResponse.java:62)
at org.openqa.selenium.remote.HandshakeResponse.lambda$getResponseFunction$0(HandshakeResponse.java:30)
at org.openqa.selenium.remote.ProtocolHandshake.lambda$createSession$0(ProtocolHandshake.java:126)
at java.base/java.util.stream.ReferencePipeline$3$1.accept(ReferencePipeline.java:197)
at java.base/java.util.Spliterators$ArraySpliterator.tryAdvance(Spliterators.java:958)
at java.base/java.util.stream.ReferencePipeline.forEachWithCancel(ReferencePipeline.java:129)
at java.base/java.util.stream.AbstractPipeline.copyIntoWithCancel(AbstractPipeline.java:502)
at java.base/java.util.stream.AbstractPipeline.copyInto(AbstractPipeline.java:488)
at java.base/java.util.stream.AbstractPipeline.wrapAndCopyInto(AbstractPipeline.java:474)
at java.base/java.util.stream.FindOps$FindOp.evaluateSequential(FindOps.java:150)
at java.base/java.util.stream.AbstractPipeline.evaluate(AbstractPipeline.java:234)
at java.base/java.util.stream.ReferencePipeline.findFirst(ReferencePipeline.java:647)
at org.openqa.selenium.remote.ProtocolHandshake.createSession(ProtocolHandshake.java:128)
at org.openqa.selenium.remote.ProtocolHandshake.createSession(ProtocolHandshake.java:74)
at org.openqa.selenium.remote.HttpCommandExecutor.execute(HttpCommandExecutor.java:136)
at org.openqa.selenium.remote.service.DriverCommandExecutor.execute(DriverCommandExecutor.java:83)
at org.openqa.selenium.remote.RemoteWebDriver.execute(RemoteWebDriver.java:552)
at org.openqa.selenium.remote.RemoteWebDriver.startSession(RemoteWebDriver.java:213)
at org.openqa.selenium.remote.RemoteWebDriver.<init>(RemoteWebDriver.java:131)
at org.openqa.selenium.chrome.ChromeDriver.<init>(ChromeDriver.java:181)
at org.openqa.selenium.chrome.ChromeDriver.<init>(ChromeDriver.java:168)
at org.openqa.selenium.chrome.ChromeDriver.<init>(ChromeDriver.java:157)
at maven.BaseClass.lauchBrowser(BaseClass.java:61)
at maven.DemoPageTest.setup(DemoPageTest.java:39)
at java.base/java.util.concurrent.ThreadPoolExecutor.runWorker(ThreadPoolExecutor.java:1130)
at java.base/java.util.concurrent.ThreadPoolExecutor$Worker.run(ThreadPoolExecutor.java:630)
at java.base/java.lang.Thread.run(Thread.java:831)
... Removed 21 stack frames]]>
    </failure>
  </testcase> <!-- @BeforeMethod setup -->
  <testcase classname="maven.DemoPageTest1" name="@AfterMethod tearDown" time="0.0">
    <failure type="java.lang.NullPointerException" message="Cannot invoke &amp;quot;org.openqa.selenium.WebDriver.quit()&amp;quot; because &amp;quot;this.driver&amp;quot; is null">
      <![CDATA[java.lang.NullPointerException: Cannot invoke "org.openqa.selenium.WebDriver.quit()" because "this.driver" is null
at maven.DemoPageTest1.tearDown(DemoPageTest1.java:116)
at java.base/java.util.concurrent.ThreadPoolExecutor.runWorker(ThreadPoolExecutor.java:1130)
at java.base/java.util.concurrent.ThreadPoolExecutor$Worker.run(ThreadPoolExecutor.java:630)
at java.base/java.lang.Thread.run(Thread.java:831)
... Removed 17 stack frames]]>
    </failure>
  </testcase> <!-- @AfterMethod tearDown -->
  <testcase classname="maven.DemoPageTest" name="@AfterMethod tearDown" time="0.0">
    <failure type="java.lang.NullPointerException" message="Cannot invoke &amp;quot;org.openqa.selenium.WebDriver.quit()&amp;quot; because &amp;quot;this.driver&amp;quot; is null">
      <![CDATA[java.lang.NullPointerException: Cannot invoke "org.openqa.selenium.WebDriver.quit()" because "this.driver" is null
at maven.DemoPageTest.tearDown(DemoPageTest.java:123)
at java.base/java.util.concurrent.ThreadPoolExecutor.runWorker(ThreadPoolExecutor.java:1130)
at java.base/java.util.concurrent.ThreadPoolExecutor$Worker.run(ThreadPoolExecutor.java:630)
at java.base/java.lang.Thread.run(Thread.java:831)
... Removed 17 stack frames]]>
    </failure>
  </testcase> <!-- @AfterMethod tearDown -->
  <testcase classname="maven.DemoPageTest" name="@BeforeMethod setup" time="0.483">
    <failure type="org.openqa.selenium.WebDriverException" message="unknown error: Failed to create Chrome process.
Build info: version: &amp;apos;3.141.59&amp;apos;, revision: &amp;apos;e82be7d358&amp;apos;, time: &amp;apos;2018-11-14T08:17:03&amp;apos;
System info: host: &amp;apos;USHYDANWRE1&amp;apos;, ip: &amp;apos;192.168.0.10&amp;apos;, os.name: &amp;apos;Windows 10&amp;apos;, os.arch: &amp;apos;amd64&amp;apos;, os.version: &amp;apos;10.0&amp;apos;, java.version: &amp;apos;16.0.2&amp;apos;
Driver info: driver.version: ChromeDriver
remote stacktrace: Backtrace:
	Ordinal0 [0x00801ED3+2236115]
	Ordinal0 [0x007992F1+1807089]
	Ordinal0 [0x006A66FD+812797]
	Ordinal0 [0x006C4459+935001]
	Ordinal0 [0x006C19C9+924105]
	Ordinal0 [0x006F806C+1146988]
	Ordinal0 [0x006F7A6A+1145450]
	Ordinal0 [0x006F18A6+1120422]
	Ordinal0 [0x006CA73D+960317]
	Ordinal0 [0x006CB71F+964383]
	GetHandleVerifier [0x00AAE7E2+2743074]
	GetHandleVerifier [0x00AA08D4+2685972]
	GetHandleVerifier [0x00892BAA+532202]
	GetHandleVerifier [0x00891990+527568]
	Ordinal0 [0x007A080C+1837068]
	Ordinal0 [0x007A4CD8+1854680]
	Ordinal0 [0x007A4DC5+1854917]
	Ordinal0 [0x007AED64+1895780]
	BaseThreadInitThunk [0x75A6FA29+25]
	RtlGetAppContainerNamedObjectPath [0x773C7B5E+286]
	RtlGetAppContainerNamedObjectPath [0x773C7B2E+238]
">
      <![CDATA[org.openqa.selenium.WebDriverException: unknown error: Failed to create Chrome process.
Build info: version: '3.141.59', revision: 'e82be7d358', time: '2018-11-14T08:17:03'
System info: host: 'USHYDANWRE1', ip: '192.168.0.10', os.name: 'Windows 10', os.arch: 'amd64', os.version: '10.0', java.version: '16.0.2'
Driver info: driver.version: ChromeDriver
remote stacktrace: Backtrace:
Ordinal0 [0x00801ED3+2236115]
Ordinal0 [0x007992F1+1807089]
Ordinal0 [0x006A66FD+812797]
Ordinal0 [0x006C4459+935001]
Ordinal0 [0x006C19C9+924105]
Ordinal0 [0x006F806C+1146988]
Ordinal0 [0x006F7A6A+1145450]
Ordinal0 [0x006F18A6+1120422]
Ordinal0 [0x006CA73D+960317]
Ordinal0 [0x006CB71F+964383]
GetHandleVerifier [0x00AAE7E2+2743074]
GetHandleVerifier [0x00AA08D4+2685972]
GetHandleVerifier [0x00892BAA+532202]
GetHandleVerifier [0x00891990+527568]
Ordinal0 [0x007A080C+1837068]
Ordinal0 [0x007A4CD8+1854680]
Ordinal0 [0x007A4DC5+1854917]
Ordinal0 [0x007AED64+1895780]
BaseThreadInitThunk [0x75A6FA29+25]
RtlGetAppContainerNamedObjectPath [0x773C7B5E+286]
RtlGetAppContainerNamedObjectPath [0x773C7B2E+238]

at org.openqa.selenium.remote.W3CHandshakeResponse.lambda$errorHandler$0(W3CHandshakeResponse.java:62)
at org.openqa.selenium.remote.HandshakeResponse.lambda$getResponseFunction$0(HandshakeResponse.java:30)
at org.openqa.selenium.remote.ProtocolHandshake.lambda$createSession$0(ProtocolHandshake.java:126)
at java.base/java.util.stream.ReferencePipeline$3$1.accept(ReferencePipeline.java:197)
at java.base/java.util.Spliterators$ArraySpliterator.tryAdvance(Spliterators.java:958)
at java.base/java.util.stream.ReferencePipeline.forEachWithCancel(ReferencePipeline.java:129)
at java.base/java.util.stream.AbstractPipeline.copyIntoWithCancel(AbstractPipeline.java:502)
at java.base/java.util.stream.AbstractPipeline.copyInto(AbstractPipeline.java:488)
at java.base/java.util.stream.AbstractPipeline.wrapAndCopyInto(AbstractPipeline.java:474)
at java.base/java.util.stream.FindOps$FindOp.evaluateSequential(FindOps.java:150)
at java.base/java.util.stream.AbstractPipeline.evaluate(AbstractPipeline.java:234)
at java.base/java.util.stream.ReferencePipeline.findFirst(ReferencePipeline.java:647)
at org.openqa.selenium.remote.ProtocolHandshake.createSession(ProtocolHandshake.java:128)
at org.openqa.selenium.remote.ProtocolHandshake.createSession(ProtocolHandshake.java:74)
at org.openqa.selenium.remote.HttpCommandExecutor.execute(HttpCommandExecutor.java:136)
at org.openqa.selenium.remote.service.DriverCommandExecutor.execute(DriverCommandExecutor.java:83)
at org.openqa.selenium.remote.RemoteWebDriver.execute(RemoteWebDriver.java:552)
at org.openqa.selenium.remote.RemoteWebDriver.startSession(RemoteWebDriver.java:213)
at org.openqa.selenium.remote.RemoteWebDriver.<init>(RemoteWebDriver.java:131)
at org.openqa.selenium.chrome.ChromeDriver.<init>(ChromeDriver.java:181)
at org.openqa.selenium.chrome.ChromeDriver.<init>(ChromeDriver.java:168)
at org.openqa.selenium.chrome.ChromeDriver.<init>(ChromeDriver.java:157)
at maven.BaseClass.lauchBrowser(BaseClass.java:61)
at maven.DemoPageTest.setup(DemoPageTest.java:39)
at java.base/java.util.concurrent.ThreadPoolExecutor.runWorker(ThreadPoolExecutor.java:1130)
at java.base/java.util.concurrent.ThreadPoolExecutor$Worker.run(ThreadPoolExecutor.java:630)
at java.base/java.lang.Thread.run(Thread.java:831)
... Removed 21 stack frames]]>
    </failure>
  </testcase> <!-- @BeforeMethod setup -->
  <testcase classname="maven.DemoPageTest" name="@AfterMethod tearDown" time="0.0">
    <failure type="java.lang.NullPointerException" message="Cannot invoke &amp;quot;org.openqa.selenium.WebDriver.quit()&amp;quot; because &amp;quot;this.driver&amp;quot; is null">
      <![CDATA[java.lang.NullPointerException: Cannot invoke "org.openqa.selenium.WebDriver.quit()" because "this.driver" is null
at maven.DemoPageTest.tearDown(DemoPageTest.java:123)
at java.base/java.util.concurrent.ThreadPoolExecutor.runWorker(ThreadPoolExecutor.java:1130)
at java.base/java.util.concurrent.ThreadPoolExecutor$Worker.run(ThreadPoolExecutor.java:630)
at java.base/java.lang.Thread.run(Thread.java:831)
... Removed 17 stack frames]]>
    </failure>
  </testcase> <!-- @AfterMethod tearDown -->
  <testcase classname="maven.DemoPageTest1" name="testHandleMouseHover" time="0.0">
    <skipped/>
  </testcase> <!-- testHandleMouseHover -->
  <testcase classname="maven.DemoPageTest" name="testHandleMouseHover" time="0.0">
    <skipped/>
  </testcase> <!-- testHandleMouseHover -->
  <testcase classname="maven.DemoPageTest1" name="a_iframeTest" time="0.0">
    <skipped/>
  </testcase> <!-- a_iframeTest -->
  <testcase classname="maven.DemoPageTest" name="z_iframeTest" time="0.0">
    <skipped/>
  </testcase> <!-- z_iframeTest -->
  <testcase classname="maven.DemoPageTest1" name="z_iframeTest" time="0.0">
    <skipped/>
  </testcase> <!-- z_iframeTest -->
  <testcase classname="maven.DemoPageTest" name="a_iframeTest" time="0.0">
    <skipped/>
  </testcase> <!-- a_iframeTest -->
</testsuite> <!-- chrome -->
