<?xml version="1.0" encoding="UTF-8"?>
<testng-results ignored="0" total="3" passed="2" failed="1" skipped="0">
  <reporter-output>
  </reporter-output>
  <suite started-at="2023-01-02T11:51:24 IST" name="Default suite" finished-at="2023-01-02T11:52:26 IST" duration-ms="62106">
    <groups>
    </groups>
    <test started-at="2023-01-02T11:51:24 IST" name="Default test" finished-at="2023-01-02T11:52:26 IST" duration-ms="62106">
      <class name="maven.DemoPageTest">
        <test-method is-config="true" signature="setup()[pri:0, instance:maven.DemoPageTest@1852a3ff]" started-at="2023-01-02T11:51:24 IST" name="setup" finished-at="2023-01-02T11:51:34 IST" duration-ms="10680" status="PASS">
          <reporter-output>
          </reporter-output>
        </test-method> <!-- setup -->
        <test-method signature="testHandleMouseHover()[pri:0, instance:maven.DemoPageTest@1852a3ff]" started-at="2023-01-02T11:51:34 IST" name="testHandleMouseHover" finished-at="2023-01-02T11:52:01 IST" duration-ms="26217" status="FAIL">
          <exception class="java.lang.AssertionError">
            <message>
              <![CDATA[The following asserts failed:
expected [Link Two Selected] but found [SeleniumBase],
expected [true] but found [false]]]>
            </message>
            <full-stacktrace>
              <![CDATA[java.lang.AssertionError: The following asserts failed:
expected [Link Two Selected] but found [SeleniumBase],
expected [true] but found [false]
at org.testng.asserts.SoftAssert.assertAll(SoftAssert.java:47)
at org.testng.asserts.SoftAssert.assertAll(SoftAssert.java:31)
at maven.DemoPageTest.testHandleMouseHover(DemoPageTest.java:96)
at java.base/jdk.internal.reflect.NativeMethodAccessorImpl.invoke0(Native Method)
at java.base/jdk.internal.reflect.NativeMethodAccessorImpl.invoke(NativeMethodAccessorImpl.java:78)
at java.base/jdk.internal.reflect.DelegatingMethodAccessorImpl.invoke(DelegatingMethodAccessorImpl.java:43)
at java.base/java.lang.reflect.Method.invoke(Method.java:567)
at org.testng.internal.MethodInvocationHelper.invokeMethod(MethodInvocationHelper.java:133)
at org.testng.internal.TestInvoker.invokeMethod(TestInvoker.java:598)
at org.testng.internal.TestInvoker.invokeTestMethod(TestInvoker.java:173)
at org.testng.internal.MethodRunner.runInSequence(MethodRunner.java:46)
at org.testng.internal.TestInvoker$MethodInvocationAgent.invoke(TestInvoker.java:824)
at org.testng.internal.TestInvoker.invokeTestMethods(TestInvoker.java:146)
at org.testng.internal.TestMethodWorker.invokeTestMethods(TestMethodWorker.java:146)
at org.testng.internal.TestMethodWorker.run(TestMethodWorker.java:128)
at java.base/java.util.ArrayList.forEach(ArrayList.java:1511)
at org.testng.TestRunner.privateRun(TestRunner.java:794)
at org.testng.TestRunner.run(TestRunner.java:596)
at org.testng.SuiteRunner.runTest(SuiteRunner.java:377)
at org.testng.SuiteRunner.runSequentially(SuiteRunner.java:371)
at org.testng.SuiteRunner.privateRun(SuiteRunner.java:332)
at org.testng.SuiteRunner.run(SuiteRunner.java:276)
at org.testng.SuiteRunnerWorker.runSuite(SuiteRunnerWorker.java:53)
at org.testng.SuiteRunnerWorker.run(SuiteRunnerWorker.java:96)
at org.testng.TestNG.runSuitesSequentially(TestNG.java:1212)
at org.testng.TestNG.runSuitesLocally(TestNG.java:1134)
at org.testng.TestNG.runSuites(TestNG.java:1063)
at org.testng.TestNG.run(TestNG.java:1031)
at org.testng.remote.AbstractRemoteTestNG.run(AbstractRemoteTestNG.java:115)
at org.testng.remote.RemoteTestNG.initAndRun(RemoteTestNG.java:251)
at org.testng.remote.RemoteTestNG.main(RemoteTestNG.java:77)
]]>
            </full-stacktrace>
          </exception> <!-- java.lang.AssertionError -->
          <reporter-output>
          </reporter-output>
        </test-method> <!-- testHandleMouseHover -->
        <test-method is-config="true" signature="tearDown()[pri:0, instance:maven.DemoPageTest@1852a3ff]" started-at="2023-01-02T11:52:01 IST" name="tearDown" finished-at="2023-01-02T11:52:02 IST" duration-ms="784" status="PASS">
          <reporter-output>
          </reporter-output>
        </test-method> <!-- tearDown -->
        <test-method is-config="true" signature="setup()[pri:0, instance:maven.DemoPageTest@1852a3ff]" started-at="2023-01-02T11:52:02 IST" name="setup" finished-at="2023-01-02T11:52:15 IST" duration-ms="13379" status="PASS">
          <reporter-output>
          </reporter-output>
        </test-method> <!-- setup -->
        <test-method signature="z_iframeTest()[pri:0, instance:maven.DemoPageTest@1852a3ff]" started-at="2023-01-02T11:52:15 IST" name="z_iframeTest" finished-at="2023-01-02T11:52:15 IST" duration-ms="381" status="PASS">
          <reporter-output>
          </reporter-output>
        </test-method> <!-- z_iframeTest -->
        <test-method is-config="true" signature="tearDown()[pri:0, instance:maven.DemoPageTest@1852a3ff]" started-at="2023-01-02T11:52:15 IST" name="tearDown" finished-at="2023-01-02T11:52:16 IST" duration-ms="338" status="PASS">
          <reporter-output>
          </reporter-output>
        </test-method> <!-- tearDown -->
        <test-method is-config="true" signature="setup()[pri:0, instance:maven.DemoPageTest@1852a3ff]" started-at="2023-01-02T11:52:16 IST" name="setup" finished-at="2023-01-02T11:52:25 IST" duration-ms="9221" status="PASS">
          <reporter-output>
          </reporter-output>
        </test-method> <!-- setup -->
        <test-method signature="a_iframeTest()[pri:2, instance:maven.DemoPageTest@1852a3ff]" started-at="2023-01-02T11:52:25 IST" name="a_iframeTest" finished-at="2023-01-02T11:52:25 IST" duration-ms="311" status="PASS">
          <reporter-output>
          </reporter-output>
        </test-method> <!-- a_iframeTest -->
        <test-method is-config="true" signature="tearDown()[pri:0, instance:maven.DemoPageTest@1852a3ff]" started-at="2023-01-02T11:52:25 IST" name="tearDown" finished-at="2023-01-02T11:52:26 IST" duration-ms="403" status="PASS">
          <reporter-output>
          </reporter-output>
        </test-method> <!-- tearDown -->
      </class> <!-- maven.DemoPageTest -->
    </test> <!-- Default test -->
  </suite> <!-- Default suite -->
</testng-results>
